2024-07-03 09:10:08 - o.c.a.AwsSqsStudyApplication - Starting AwsSqsStudyApplication using Java 21.0.2 with PID 42096 (C:\bootWorkSpace\Study\AwsSqsStudy\build\classes\java\main started by KIMTAEHYUN in C:\bootWorkSpace\Study\AwsSqsStudy)
2024-07-03 09:10:08 - o.c.a.AwsSqsStudyApplication - Running with Spring Boot v3.3.0, Spring v6.1.8
2024-07-03 09:10:08 - o.c.a.AwsSqsStudyApplication - No active profile set, falling back to 1 default profile: "default"
2024-07-03 09:10:09 - o.s.b.w.e.tomcat.TomcatWebServer - Tomcat initialized with port 8080 (http)
2024-07-03 09:10:09 - o.a.coyote.http11.Http11NioProtocol - Initializing ProtocolHandler ["http-nio-8080"]
2024-07-03 09:10:09 - o.a.catalina.core.StandardService - Starting service [Tomcat]
2024-07-03 09:10:09 - o.a.catalina.core.StandardEngine - Starting Servlet engine: [Apache Tomcat/10.1.24]
2024-07-03 09:10:09 - o.a.c.c.C.[Tomcat].[localhost].[/] - Initializing Spring embedded WebApplicationContext
2024-07-03 09:10:09 - o.s.b.w.s.c.ServletWebServerApplicationContext - Root WebApplicationContext: initialization completed in 1691 ms
2024-07-03 09:10:11 - o.a.coyote.http11.Http11NioProtocol - Starting ProtocolHandler ["http-nio-8080"]
2024-07-03 09:10:11 - o.s.b.w.e.tomcat.TomcatWebServer - Tomcat started on port 8080 (http) with context path '/'
2024-07-03 09:10:12 - i.a.c.s.l.AbstractMessageListenerContainer - Container io.awspring.cloud.sqs.sqsListenerEndpointContainer#0 started
2024-07-03 09:10:12 - o.c.a.AwsSqsStudyApplication - Started AwsSqsStudyApplication in 5.0 seconds (process running for 7.622)
2024-07-03 09:10:29 - o.a.c.c.C.[Tomcat].[localhost].[/] - Initializing Spring DispatcherServlet 'dispatcherServlet'
2024-07-03 09:10:29 - o.s.web.servlet.DispatcherServlet - Initializing Servlet 'dispatcherServlet'
2024-07-03 09:10:29 - o.s.web.servlet.DispatcherServlet - Completed initialization in 1 ms
2024-07-03 09:10:29 - o.c.a.m.c.SimpleMessageController - >>>>>> 컨트롤러 메시지 전송 완료
2024-07-03 09:10:29 - o.c.a.m.p.SpringIntegrationSqsProducer - >>>>>> 메시지 전송 성공 전송량: 10
2024-07-03 09:10:29 - o.c.a.m.consumer.SqsListenerConsumer - >>>>>>> 소비 10개의 메시지 큐 시작 시작시간 : 2024-07-03T09:10:29.897844700
2024-07-03 09:10:29 - o.c.a.m.consumer.SqsListenerConsumer - ========>>> service : class org.codingdreamtree.awssqsstudy.message.service.ParallelReaderService , startTime: 2024-07-03T09:10:29.898847100
2024-07-03 09:10:31 - o.c.a.m.s.ProcessMessageService - >>>> 소비자 메시지 : SimpleMessage[pk=4, name=test4, age=20, score=1300] 
2024-07-03 09:10:31 - o.c.a.m.s.ProcessMessageService - >>>> 소비자 메시지 : SimpleMessage[pk=2, name=test2, age=20, score=2300] 
2024-07-03 09:10:31 - o.c.a.m.s.ProcessMessageService - >>>> 소비자 메시지 : SimpleMessage[pk=1, name=test1, age=15, score=1300] 
2024-07-03 09:10:31 - o.c.a.m.s.ProcessMessageService - >>>> 소비자 메시지 : SimpleMessage[pk=10, name=test10, age=100, score=7300] 
2024-07-03 09:10:31 - o.c.a.m.s.ProcessMessageService - >>>> 소비자 메시지 : SimpleMessage[pk=9, name=test9, age=42, score=6300] 
2024-07-03 09:10:31 - o.c.a.m.s.ProcessMessageService - >>>> 소비자 메시지 : SimpleMessage[pk=6, name=test6, age=30, score=3300] 
2024-07-03 09:10:31 - o.c.a.m.s.ProcessMessageService - >>>> 소비자 메시지 : SimpleMessage[pk=8, name=test8, age=39, score=5300] 
2024-07-03 09:10:31 - o.c.a.m.s.ProcessMessageService - >>>> 소비자 메시지 : SimpleMessage[pk=5, name=test5, age=15, score=2300] 
2024-07-03 09:10:31 - o.c.a.m.s.ProcessMessageService - >>>> 소비자 메시지 : SimpleMessage[pk=7, name=test7, age=16, score=4300] 
2024-07-03 09:10:31 - o.c.a.m.s.ProcessMessageService - >>>> 소비자 메시지 : SimpleMessage[pk=3, name=test3, age=25, score=1300] 
2024-07-03 09:10:31 - o.c.a.m.consumer.SqsListenerConsumer - ========>>> service : class org.codingdreamtree.awssqsstudy.message.service.ParallelReaderService , startTime: 2024-07-03T09:10:31.924178500
2024-07-03 09:10:31 - o.c.a.m.consumer.SqsListenerConsumer - ========>>> service : class org.codingdreamtree.awssqsstudy.message.service.ThreadExecutorReaderService , startTime: 2024-07-03T09:10:31.925178100
2024-07-03 09:10:33 - o.c.a.m.s.ProcessMessageService - >>>> 소비자 메시지 : SimpleMessage[pk=8, name=test8, age=39, score=5300] 
2024-07-03 09:10:33 - o.c.a.m.s.ProcessMessageService - >>>> 소비자 메시지 : SimpleMessage[pk=2, name=test2, age=20, score=2300] 
2024-07-03 09:10:33 - o.c.a.m.s.ProcessMessageService - >>>> 소비자 메시지 : SimpleMessage[pk=3, name=test3, age=25, score=1300] 
2024-07-03 09:10:33 - o.c.a.m.s.ProcessMessageService - >>>> 소비자 메시지 : SimpleMessage[pk=6, name=test6, age=30, score=3300] 
2024-07-03 09:10:33 - o.c.a.m.s.ProcessMessageService - >>>> 소비자 메시지 : SimpleMessage[pk=7, name=test7, age=16, score=4300] 
2024-07-03 09:10:33 - o.c.a.m.s.ProcessMessageService - >>>> 소비자 메시지 : SimpleMessage[pk=1, name=test1, age=15, score=1300] 
2024-07-03 09:10:33 - o.c.a.m.s.ProcessMessageService - >>>> 소비자 메시지 : SimpleMessage[pk=5, name=test5, age=15, score=2300] 
2024-07-03 09:10:33 - o.c.a.m.s.ProcessMessageService - >>>> 소비자 메시지 : SimpleMessage[pk=4, name=test4, age=20, score=1300] 
2024-07-03 09:10:33 - o.c.a.m.s.ProcessMessageService - >>>> 소비자 메시지 : SimpleMessage[pk=9, name=test9, age=42, score=6300] 
2024-07-03 09:10:33 - o.c.a.m.s.ProcessMessageService - >>>> 소비자 메시지 : SimpleMessage[pk=10, name=test10, age=100, score=7300] 
2024-07-03 09:10:33 - o.c.a.m.consumer.SqsListenerConsumer - ========>>> service : class org.codingdreamtree.awssqsstudy.message.service.ThreadExecutorReaderService , startTime: 2024-07-03T09:10:33.936939300
2024-07-03 09:10:33 - o.c.a.m.consumer.SqsListenerConsumer - ========>>> service : class org.codingdreamtree.awssqsstudy.message.service.VirtualThreadReaderService , startTime: 2024-07-03T09:10:33.937940800
2024-07-03 09:10:35 - o.c.a.m.s.ProcessMessageService - >>>> 소비자 메시지 : SimpleMessage[pk=5, name=test5, age=15, score=2300] 
2024-07-03 09:10:35 - o.c.a.m.s.ProcessMessageService - >>>> 소비자 메시지 : SimpleMessage[pk=6, name=test6, age=30, score=3300] 
2024-07-03 09:10:35 - o.c.a.m.s.ProcessMessageService - >>>> 소비자 메시지 : SimpleMessage[pk=10, name=test10, age=100, score=7300] 
2024-07-03 09:10:35 - o.c.a.m.s.ProcessMessageService - >>>> 소비자 메시지 : SimpleMessage[pk=4, name=test4, age=20, score=1300] 
2024-07-03 09:10:35 - o.c.a.m.s.ProcessMessageService - >>>> 소비자 메시지 : SimpleMessage[pk=2, name=test2, age=20, score=2300] 
2024-07-03 09:10:35 - o.c.a.m.s.ProcessMessageService - >>>> 소비자 메시지 : SimpleMessage[pk=3, name=test3, age=25, score=1300] 
2024-07-03 09:10:35 - o.c.a.m.s.ProcessMessageService - >>>> 소비자 메시지 : SimpleMessage[pk=1, name=test1, age=15, score=1300] 
2024-07-03 09:10:35 - o.c.a.m.s.ProcessMessageService - >>>> 소비자 메시지 : SimpleMessage[pk=7, name=test7, age=16, score=4300] 
2024-07-03 09:10:35 - o.c.a.m.s.ProcessMessageService - >>>> 소비자 메시지 : SimpleMessage[pk=9, name=test9, age=42, score=6300] 
2024-07-03 09:10:35 - o.c.a.m.s.ProcessMessageService - >>>> 소비자 메시지 : SimpleMessage[pk=8, name=test8, age=39, score=5300] 
2024-07-03 09:10:35 - o.c.a.m.consumer.SqsListenerConsumer - ========>>> service : class org.codingdreamtree.awssqsstudy.message.service.VirtualThreadReaderService , startTime: 2024-07-03T09:10:35.952584500
2024-07-03 09:10:35 - o.c.a.m.consumer.SqsListenerConsumer - >>>>>>> 소비 10개의 메시지 큐 시작 종료시간 : 2024-07-03T09:10:35.954092700
2024-07-03 09:12:46 - i.a.c.s.l.AbstractMessageListenerContainer - Container io.awspring.cloud.sqs.sqsListenerEndpointContainer#0 stopped
2024-07-03 09:12:54 - o.c.a.AwsSqsStudyApplication - Starting AwsSqsStudyApplication using Java 21.0.2 with PID 32516 (C:\bootWorkSpace\Study\AwsSqsStudy\build\classes\java\main started by KIMTAEHYUN in C:\bootWorkSpace\Study\AwsSqsStudy)
2024-07-03 09:12:54 - o.c.a.AwsSqsStudyApplication - Running with Spring Boot v3.3.0, Spring v6.1.8
2024-07-03 09:12:54 - o.c.a.AwsSqsStudyApplication - No active profile set, falling back to 1 default profile: "default"
2024-07-03 09:12:55 - o.s.b.w.e.tomcat.TomcatWebServer - Tomcat initialized with port 8080 (http)
2024-07-03 09:12:55 - o.a.coyote.http11.Http11NioProtocol - Initializing ProtocolHandler ["http-nio-8080"]
2024-07-03 09:12:55 - o.a.catalina.core.StandardService - Starting service [Tomcat]
2024-07-03 09:12:55 - o.a.catalina.core.StandardEngine - Starting Servlet engine: [Apache Tomcat/10.1.24]
2024-07-03 09:12:55 - o.a.c.c.C.[Tomcat].[localhost].[/] - Initializing Spring embedded WebApplicationContext
2024-07-03 09:12:55 - o.s.b.w.s.c.ServletWebServerApplicationContext - Root WebApplicationContext: initialization completed in 1343 ms
2024-07-03 09:12:57 - o.a.coyote.http11.Http11NioProtocol - Starting ProtocolHandler ["http-nio-8080"]
2024-07-03 09:12:57 - o.s.b.w.e.tomcat.TomcatWebServer - Tomcat started on port 8080 (http) with context path '/'
2024-07-03 09:12:58 - i.a.c.s.l.AbstractMessageListenerContainer - Container io.awspring.cloud.sqs.sqsListenerEndpointContainer#0 started
2024-07-03 09:12:58 - o.c.a.AwsSqsStudyApplication - Started AwsSqsStudyApplication in 4.82 seconds (process running for 6.175)
2024-07-03 09:13:29 - o.a.c.c.C.[Tomcat].[localhost].[/] - Initializing Spring DispatcherServlet 'dispatcherServlet'
2024-07-03 09:13:29 - o.s.web.servlet.DispatcherServlet - Initializing Servlet 'dispatcherServlet'
2024-07-03 09:13:29 - o.s.web.servlet.DispatcherServlet - Completed initialization in 2 ms
2024-07-03 09:13:29 - o.c.a.m.c.SimpleMessageController - >>>>>> 컨트롤러 메시지 전송 완료
2024-07-03 09:13:29 - o.c.a.m.p.SpringIntegrationSqsProducer - >>>>>> 메시지 전송 성공 전송량: 10
2024-07-03 09:13:29 - o.c.a.m.consumer.SqsListenerConsumer - >>>>>>> 소비 10개의 메시지 큐 시작 시작시간 : 2024-07-03T09:13:29.774868700
2024-07-03 09:13:29 - o.c.a.m.consumer.SqsListenerConsumer - ========>>> service : class org.codingdreamtree.awssqsstudy.message.service.ParallelReaderService , startTime: 2024-07-03T09:13:29.775861700
2024-07-03 09:13:31 - o.c.a.m.consumer.SqsListenerConsumer - ========>>> service : class org.codingdreamtree.awssqsstudy.message.service.ParallelReaderService , startTime: 2024-07-03T09:13:31.784801800
2024-07-03 09:13:31 - o.c.a.m.consumer.SqsListenerConsumer - ========>>> service : class org.codingdreamtree.awssqsstudy.message.service.SingleThreadReaderService , startTime: 2024-07-03T09:13:31.785822600
2024-07-03 09:13:51 - o.c.a.m.consumer.SqsListenerConsumer - ========>>> service : class org.codingdreamtree.awssqsstudy.message.service.SingleThreadReaderService , startTime: 2024-07-03T09:13:51.891849600
2024-07-03 09:13:51 - o.c.a.m.consumer.SqsListenerConsumer - ========>>> service : class org.codingdreamtree.awssqsstudy.message.service.ThreadExecutorReaderService , startTime: 2024-07-03T09:13:51.891849600
2024-07-03 09:13:53 - o.c.a.m.consumer.SqsListenerConsumer - ========>>> service : class org.codingdreamtree.awssqsstudy.message.service.ThreadExecutorReaderService , startTime: 2024-07-03T09:13:53.895856600
2024-07-03 09:13:53 - o.c.a.m.consumer.SqsListenerConsumer - ========>>> service : class org.codingdreamtree.awssqsstudy.message.service.VirtualThreadReaderService , startTime: 2024-07-03T09:13:53.896860400
2024-07-03 09:13:55 - o.c.a.m.consumer.SqsListenerConsumer - ========>>> service : class org.codingdreamtree.awssqsstudy.message.service.VirtualThreadReaderService , startTime: 2024-07-03T09:13:55.914137300
2024-07-03 09:13:55 - o.c.a.m.consumer.SqsListenerConsumer - >>>>>>> 소비 10개의 메시지 큐 시작 종료시간 : 2024-07-03T09:13:55.914137300
2024-07-03 10:06:44 - i.a.c.s.l.AbstractMessageListenerContainer - Container io.awspring.cloud.sqs.sqsListenerEndpointContainer#0 stopped
